c:\users\bruno santos\documents\github\so2\space invaders\spacedll\debug\spacedll.pch
c:\users\bruno santos\documents\github\so2\space invaders\spacedll\debug\vc141.pdb
c:\users\bruno santos\documents\github\so2\space invaders\spacedll\debug\vc141.idb
c:\users\bruno santos\documents\github\so2\space invaders\spacedll\debug\stdafx.obj
c:\users\bruno santos\documents\github\so2\space invaders\spacedll\debug\spacedll.obj
c:\users\bruno santos\documents\github\so2\space invaders\debug\spacedll.dll
c:\users\bruno santos\documents\github\so2\space invaders\debug\spacedll.ilk
c:\users\bruno santos\documents\github\so2\space invaders\debug\spacedll.pdb
c:\users\bruno santos\documents\github\so2\space invaders\debug\spacedll.lib
c:\users\bruno santos\documents\github\so2\space invaders\debug\spacedll.exp
c:\users\migue\source\repos\space invaders\so2\space invaders\spacedll\debug\spacedll.obj
c:\users\migue\source\repos\space invaders\so2\space invaders\spacedll\debug\stdafx.obj
c:\users\migue\source\repos\space invaders\so2\space invaders\spacedll\debug\spacedll.pch
c:\users\migue\source\repos\space invaders\so2\space invaders\spacedll\debug\vc141.idb
c:\users\migue\source\repos\space invaders\so2\space invaders\spacedll\debug\vc141.pdb
c:\users\migue\source\repos\space invaders\so2\space invaders\debug\spacedll.pdb
c:\users\migue\source\repos\space invaders\so2\space invaders\debug\spacedll.dll
c:\users\migue\source\repos\space invaders\so2\space invaders\debug\spacedll.ilk
c:\users\migue\source\repos\space invaders\so2\space invaders\spacedll\debug\spacedll.tlog\cl.command.1.tlog
c:\users\migue\source\repos\space invaders\so2\space invaders\spacedll\debug\spacedll.tlog\cl.read.1.tlog
c:\users\migue\source\repos\space invaders\so2\space invaders\spacedll\debug\spacedll.tlog\cl.write.1.tlog
c:\users\migue\source\repos\space invaders\so2\space invaders\spacedll\debug\spacedll.tlog\link.21700.delete.1.tlog
c:\users\migue\source\repos\space invaders\so2\space invaders\spacedll\debug\spacedll.tlog\link.command.1.tlog
c:\users\migue\source\repos\space invaders\so2\space invaders\spacedll\debug\spacedll.tlog\link.delete.1.tlog
c:\users\migue\source\repos\space invaders\so2\space invaders\spacedll\debug\spacedll.tlog\link.read.1.tlog
c:\users\migue\source\repos\space invaders\so2\space invaders\spacedll\debug\spacedll.tlog\link.write.1.tlog
c:\users\migue\source\repos\space invaders\so2\space invaders\spacedll\debug\spacedll.tlog\spacedll.write.1u.tlog
